<?xml version="1.0" encoding="UTF-8"?>
<testng-results skipped="0" failed="0" total="2" passed="2">
  <reporter-output>
  </reporter-output>
  <suite name="Suite" duration-ms="28089" started-at="2019-03-15T01:52:43Z" finished-at="2019-03-15T01:53:11Z">
    <groups>
    </groups>
    <test name="Test" duration-ms="28089" started-at="2019-03-15T01:52:43Z" finished-at="2019-03-15T01:53:11Z">
      <class name="com.testcase.addtestcase">
        <test-method status="PASS" signature="login()[pri:0, instance:com.testcase.addtestcase@17ed40e0]" name="login" duration-ms="12997" started-at="2019-03-15T09:52:58Z" finished-at="2019-03-15T09:53:11Z">
          <reporter-output>
          </reporter-output>
        </test-method> <!-- login -->
      </class> <!-- com.testcase.addtestcase -->
      <class name="com.testcase.logintestcase">
        <test-method status="PASS" signature="login()[pri:0, instance:com.testcase.logintestcase@5c0369c4]" name="login" duration-ms="15077" started-at="2019-03-15T09:52:43Z" finished-at="2019-03-15T09:52:58Z">
          <reporter-output>
          </reporter-output>
        </test-method> <!-- login -->
      </class> <!-- com.testcase.logintestcase -->
    </test> <!-- Test -->
  </suite> <!-- Suite -->
</testng-results>
